2022-09-19 11:01:21,668 INFO PERFORMANCE:|0|0|-1|-1

2022-09-19 11:06:21,670 INFO PERFORMANCE:|0|0|-1|-1

2022-09-19 11:11:21,673 INFO PERFORMANCE:|0|0|-1|-1

2022-09-19 11:16:21,675 INFO PERFORMANCE:|0|0|-1|-1

2022-09-19 11:21:21,678 INFO PERFORMANCE:|0|0|-1|-1

2022-09-19 11:26:21,679 INFO PERFORMANCE:|0|0|-1|-1

2022-09-19 11:31:21,681 INFO PERFORMANCE:|0|0|-1|-1

2022-09-19 11:36:21,685 INFO PERFORMANCE:|0|0|-1|-1

2022-09-19 11:41:21,685 INFO PERFORMANCE:|1|1|-1|-1

2022-09-19 11:46:21,688 INFO PERFORMANCE:|2|2|-1|-1

2022-09-19 11:51:21,692 INFO PERFORMANCE:|2|2|-1|-1

2022-09-19 11:56:21,694 INFO PERFORMANCE:|2|2|-1|-1

2022-09-19 12:01:21,695 INFO PERFORMANCE:|2|2|-1|-1

2022-09-19 12:06:21,698 INFO PERFORMANCE:|2|2|-1|-1

2022-09-19 12:11:21,699 INFO PERFORMANCE:|2|2|-1|-1

2022-09-19 12:16:21,701 INFO PERFORMANCE:|2|2|-1|-1

2022-09-19 12:21:21,703 INFO PERFORMANCE:|2|2|-1|-1

2022-09-19 12:26:21,708 INFO PERFORMANCE:|2|2|-1|-1

2022-09-19 12:31:21,709 INFO PERFORMANCE:|2|2|-1|-1

2022-09-19 12:36:21,710 INFO PERFORMANCE:|2|2|-1|-1

2022-09-19 12:41:21,710 INFO PERFORMANCE:|2|2|-1|-1

2022-09-19 12:46:21,721 INFO PERFORMANCE:|2|2|-1|-1

2022-09-19 12:51:21,723 INFO PERFORMANCE:|2|2|-1|-1

2022-09-19 12:56:21,736 INFO PERFORMANCE:|2|2|-1|-1

2022-09-19 13:01:21,738 INFO PERFORMANCE:|2|2|-1|-1

2022-09-19 13:06:21,750 INFO PERFORMANCE:|2|2|-1|-1

2022-09-19 13:11:21,751 INFO PERFORMANCE:|2|2|-1|-1

2022-09-19 13:16:21,755 INFO PERFORMANCE:|2|2|-1|-1

2022-09-19 13:21:21,756 INFO PERFORMANCE:|2|2|-1|-1

2022-09-19 13:26:21,756 INFO PERFORMANCE:|2|2|-1|-1

2022-09-19 13:31:21,757 INFO PERFORMANCE:|2|2|-1|-1

2022-09-19 13:36:21,759 INFO PERFORMANCE:|2|2|-1|-1

2022-09-19 13:41:21,761 INFO PERFORMANCE:|2|2|-1|-1

2022-09-19 13:46:21,763 INFO PERFORMANCE:|2|2|-1|-1

2022-09-19 13:51:21,765 INFO PERFORMANCE:|2|2|-1|-1

2022-09-19 13:56:21,768 INFO PERFORMANCE:|2|2|-1|-1

2022-09-19 14:01:21,769 INFO PERFORMANCE:|2|2|-1|-1

2022-09-19 14:06:21,780 INFO PERFORMANCE:|2|2|-1|-1

2022-09-19 14:11:21,783 INFO PERFORMANCE:|2|2|-1|-1

2022-09-19 14:16:21,784 INFO PERFORMANCE:|2|2|-1|-1

2022-09-19 14:21:21,785 INFO PERFORMANCE:|2|2|-1|-1

2022-09-19 14:26:21,786 INFO PERFORMANCE:|2|2|-1|-1

2022-09-19 14:31:21,786 INFO PERFORMANCE:|2|2|-1|-1

2022-09-19 14:36:21,789 INFO PERFORMANCE:|2|2|-1|-1

2022-09-19 14:41:21,793 INFO PERFORMANCE:|2|2|-1|-1

2022-09-19 14:46:21,795 INFO PERFORMANCE:|2|2|-1|-1

2022-09-19 14:51:21,801 INFO PERFORMANCE:|2|2|-1|-1

2022-09-19 14:56:21,801 INFO PERFORMANCE:|2|2|-1|-1

2022-09-19 15:01:21,814 INFO PERFORMANCE:|2|2|-1|-1

2022-09-19 15:06:21,815 INFO PERFORMANCE:|2|2|-1|-1

2022-09-19 15:11:21,821 INFO PERFORMANCE:|2|2|-1|-1

2022-09-19 15:16:21,822 INFO PERFORMANCE:|2|0|-1|-1

2022-09-19 15:21:21,825 INFO PERFORMANCE:|2|0|-1|-1

2022-09-19 15:26:21,825 INFO PERFORMANCE:|2|0|-1|-1

2022-09-19 15:31:21,827 INFO PERFORMANCE:|2|0|-1|-1

2022-09-19 15:36:21,831 INFO PERFORMANCE:|2|0|-1|-1

2022-09-19 15:41:21,833 INFO PERFORMANCE:|2|0|-1|-1

2022-09-19 15:46:21,836 INFO PERFORMANCE:|2|0|-1|-1

2022-09-19 15:51:21,839 INFO PERFORMANCE:|2|0|-1|-1

2022-09-19 15:56:21,841 INFO PERFORMANCE:|3|1|-1|-1

2022-09-19 16:01:21,843 INFO PERFORMANCE:|3|0|-1|-1

2022-09-19 16:06:21,857 INFO PERFORMANCE:|3|1|-1|-1

2022-09-19 16:11:21,860 INFO PERFORMANCE:|3|0|-1|-1

